[2023-03-02 13:17:38][type4py.preprocess][INFO] Merging JSON projects
[2023-03-02 13:20:55][type4py.preprocess][INFO] Creating functions' Dataframe
[2023-03-02 13:25:28][type4py.preprocess][INFO] Creating variables' Dataframe
[2023-03-02 13:27:46][type4py.preprocess][INFO] Loading vars & fns Dataframe
[2023-03-02 13:28:46][type4py.preprocess][INFO] Found the sets split in the input dataset
[2023-03-02 13:28:48][type4py.preprocess][INFO] No. of functions in train set: 1,701,191
[2023-03-02 13:28:48][type4py.preprocess][INFO] No. of functions in validation set: 263,972
[2023-03-02 13:28:48][type4py.preprocess][INFO] No. of functions in test set: 409,865
[2023-03-02 13:28:49][type4py.preprocess][INFO] No. of variables in train set: 4,511,151
[2023-03-02 13:28:49][type4py.preprocess][INFO] No. of variables in validation set: 717,758
[2023-03-02 13:28:49][type4py.preprocess][INFO] No. of variables in test set: 998,113
[2023-03-02 13:28:49][type4py.preprocess][INFO] Variables before dropping: 6,227,022
[2023-03-02 13:28:50][type4py.preprocess][INFO] Variables after dropping dropping: 5,597,237
[2023-03-02 13:28:50][type4py.preprocess][INFO] Filtered out 629,785 variables w/o a type.
[2023-03-02 13:28:50][type4py.preprocess][INFO] Making type annotations consistent
[2023-03-02 13:33:11][type4py.preprocess][INFO] Variables before dropping on Any,None,object,type,Type[Any],Type[cls],Type[type],Type,TypeVar,Optional[Any]: 5,597,237
[2023-03-02 13:33:13][type4py.preprocess][INFO] Variables after dropping on Any,None,object,type,Type[Any],Type[cls],Type[type],Type,TypeVar,Optional[Any]: 3,208,661
[2023-03-02 13:33:13][type4py.preprocess][INFO] Filtered out 2,388,576 variables.
[2023-03-02 13:33:13][type4py.preprocess][INFO] Functions before dropping on __*__ methods 2,375,028
[2023-03-02 13:33:15][type4py.preprocess][INFO] Functions after dropping on __*__ methods 2,348,743
[2023-03-02 13:33:15][type4py.preprocess][INFO] Filtered out 26,285 functions.
[2023-03-02 13:41:34][type4py.preprocess][INFO] Functions before dropping on return type 2,348,743
[2023-03-02 13:41:34][type4py.preprocess][INFO] Functions after dropping on return type 2,348,743
[2023-03-02 13:41:34][type4py.preprocess][INFO] Functions before dropping nan, None, Any return type 2,348,743
[2023-03-02 13:41:35][type4py.preprocess][INFO] Functions after dropping nan return type 592,244
[2023-03-02 13:41:35][type4py.preprocess][INFO] Functions before dropping on empty return expression 592,244
[2023-03-02 13:41:40][type4py.preprocess][INFO] Functions after dropping on empty return expression 555,778
[2023-03-02 13:41:58][type4py.preprocess][INFO] Resolving type aliases
[2023-03-02 13:59:34][type4py.preprocess][INFO] Preproceessing parametric types
[2023-03-02 14:39:00][type4py.preprocess][INFO] Sucssesfull lenient parsing 3159
[2023-03-02 14:39:00][type4py.preprocess][INFO] Variables before dropping: 3,208,661
[2023-03-02 14:39:01][type4py.preprocess][INFO] Variables after dropping dropping: 3,208,616
[2023-03-02 14:39:01][type4py.preprocess][INFO] Filtered out 45 variables w/o a type.
[2023-03-02 14:41:35][type4py.preprocess][INFO] Total no. of extracted types: 5,131,313
[2023-03-02 14:41:35][type4py.preprocess][INFO] Total no. of unique types: 340,243
[2023-03-02 14:41:41][type4py.preprocess][INFO] Using naive available type hints
[2023-03-02 14:44:48][type4py.preprocess][INFO] Saving preprocessed functions on the disk...
